0 0.000000 1.000000 1.000000 0.000000 4.547503 0.365002 4.000000 0.000000 
0 0.000000 0.996076 1.000894 0.000000 4.554589 0.379174 3.987910 -0.002081 
1000 5.000000 0.088351 -0.014616 0.000000 5.472586 2.215366 0.016039 2.133498 
2000 10.000000 0.589579 0.526138 0.000000 4.515422 0.300978 1.248849 2.815106 
3000 15.000000 -0.373996 0.317448 0.000000 4.511722 0.293614 0.481293 3.590007 
4000 20.000000 0.339183 -0.635035 0.000000 4.467854 0.205852 1.036627 3.122449 
5000 25.000000 -0.346035 0.371426 0.000000 4.443827 0.157824 0.515395 3.691696 
6000 30.000000 -0.380197 0.646885 0.000000 4.368506 0.007150 1.126020 3.231760 
7000 35.000000 0.492899 0.698856 0.000000 5.381892 2.033906 1.462699 0.868334 
8000 40.000000 0.151263 0.498225 0.000000 5.300806 1.871780 0.542218 1.950918 
9000 45.000000 -0.621238 0.169736 0.000000 4.672442 0.615039 0.829494 2.920390 
10000 50.000000 0.740152 0.118585 0.000000 4.374476 0.019090 1.123776 3.222064 
11000 55.000000 0.282011 -0.602350 0.000000 4.772588 0.815327 0.884711 2.664886 
12000 60.000000 0.394125 -0.539958 0.000000 5.354140 1.978431 0.893778 1.492715 
13000 65.000000 0.658198 -0.169809 0.000000 4.550415 0.370980 0.924119 3.069826 
14000 70.000000 0.812826 -0.114372 0.000000 4.811801 0.893729 1.347533 2.123674 
15000 75.000000 0.141310 0.972541 0.000000 4.501173 0.272445 1.931610 2.160896 
16000 80.000000 -0.409280 0.387342 0.000000 4.582547 0.435258 0.635087 3.294573 
17000 85.000000 -0.130976 0.835619 0.000000 4.712559 0.695242 1.430827 2.238869 
18000 90.000000 -0.545062 -0.308145 0.000000 4.490931 0.252019 0.784092 3.328811 
19000 95.000000 -0.291361 0.587488 0.000000 4.580636 0.431425 0.860067 3.073431 
20000 100.000000 0.547832 -0.508570 0.000000 4.771648 0.813436 1.117527 2.433967 
21000 105.000000 -0.111762 0.420642 0.000000 4.497429 0.265035 0.378861 3.721017 
22000 110.000000 -0.425559 0.423347 0.000000 4.411943 0.094044 0.720647 3.550229 
23000 115.000000 0.093668 1.049879 0.000000 5.226195 1.722474 2.222038 0.420445 
24000 120.000000 0.009439 0.343563 0.000000 4.683090 0.636364 0.236250 3.492295 
25000 125.000000 -0.401214 0.297882 0.000000 4.969297 1.208765 0.499414 2.656736 
26000 130.000000 -0.216802 0.845891 0.000000 4.552416 0.374952 1.525070 2.464918 
27000 135.000000 0.008290 1.091458 0.000000 5.009913 1.289903 2.382700 0.692360 
28000 140.000000 -0.470548 -0.056156 0.000000 5.276383 1.822940 0.449138 2.092836 
29000 145.000000 -0.065616 0.693424 0.000000 4.558866 0.387879 0.970284 3.006763 
30000 150.000000 -0.133637 0.603034 0.000000 4.639969 0.550096 0.763017 3.051809 
31000 155.000000 -1.136582 0.325161 0.000000 4.838136 0.946327 2.795096 0.623549 
32000 160.000000 -1.179572 0.417666 0.000000 5.114864 1.499767 3.131673 -0.266459 
33000 165.000000 -0.306332 -0.662461 0.000000 5.147199 1.564540 1.065388 1.735001 
34000 170.000000 -0.129952 0.185573 0.000000 4.486081 0.242352 0.102650 4.019903 
35000 175.000000 0.472152 -0.420827 0.000000 4.525234 0.320623 0.800046 3.244254 
36000 180.000000 0.724200 0.257841 0.000000 5.276021 1.822179 1.181894 1.360858 
37000 185.000000 0.200764 0.203569 0.000000 4.579457 0.429101 0.163493 3.772312 
38000 190.000000 -0.611614 0.310398 0.000000 5.219304 1.708756 0.940838 1.715332 
39000 195.000000 -0.349117 0.736603 0.000000 4.602008 0.474144 1.328933 2.561858 
40000 200.000000 -0.236943 -0.543162 0.000000 4.547516 0.365193 0.702334 3.297393 
41000 205.000000 0.624611 -0.132397 0.000000 5.409601 2.089356 0.815336 1.460231 
42000 210.000000 1.038342 -0.779508 0.000000 4.931308 1.132643 3.371572 -0.139229 
43000 215.000000 -0.434060 0.439701 0.000000 4.453139 0.176436 0.763490 3.424996 
44000 220.000000 -0.204613 0.194711 0.000000 4.382368 0.034924 0.159558 4.170425 
45000 225.000000 -0.625958 0.002124 0.000000 4.535647 0.341450 0.783656 3.239816 
46000 230.000000 0.226956 -0.266716 0.000000 5.048711 1.367605 0.245293 2.752010 
47000 235.000000 -0.056733 0.309745 0.000000 6.325581 3.921348 0.198322 0.245238 
48000 240.000000 -0.161979 0.688154 0.000000 4.572303 0.414752 0.999585 2.950591 
49000 245.000000 -0.088391 -0.033490 0.000000 4.701764 0.673722 0.017869 3.673312 
50000 250.000000 0.338514 0.418310 0.000000 4.977827 1.225821 0.579150 2.559945 
51000 255.000000 -0.429069 0.556156 0.000000 5.553778 2.377702 0.986818 1.000406 
52000 260.000000 -0.215734 -0.865051 0.000000 5.000118 1.270353 1.589709 1.504881 
53000 265.000000 0.204193 0.466818 0.000000 4.837564 0.945297 0.519229 2.900390 
54000 270.000000 0.021027 -0.157007 0.000000 4.407184 0.084561 0.050187 4.230156 
55000 275.000000 -0.501221 0.318433 0.000000 4.503172 0.276503 0.705245 3.383172 
56000 280.000000 0.129304 -0.132992 0.000000 4.739233 0.748657 0.068813 3.547434 
57000 285.000000 0.027096 0.501933 0.000000 4.469349 0.208868 0.505342 3.650705 
58000 290.000000 -0.402240 0.663525 0.000000 4.772629 0.815394 1.204124 2.345415 
59000 295.000000 -0.459042 0.642484 0.000000 5.069493 1.409118 1.247011 1.708805 
60000 300.000000 0.171977 0.165731 0.000000 5.138955 1.548100 0.114086 2.702720 
61000 305.000000 -0.100085 -0.611445 0.000000 4.416084 0.102324 0.767763 3.494834 
62000 310.000000 0.251484 -0.043719 0.000000 5.158416 1.587021 0.130311 2.647573 
63000 315.000000 0.253541 -0.814353 0.000000 4.895756 1.061634 1.454907 1.848397 
64000 320.000000 -0.155023 0.026460 0.000000 4.475875 0.221942 0.049465 4.093497 
65000 325.000000 -0.084158 -0.195016 0.000000 5.112722 1.495634 0.090227 2.779043 
66000 330.000000 0.400588 -0.976454 0.000000 4.590627 0.451338 2.227866 1.685754 
67000 335.000000 -0.674744 -0.323907 0.000000 4.572868 0.415875 1.120392 2.828663 
68000 340.000000 -0.008501 -0.285446 0.000000 4.546688 0.363564 0.163103 3.838239 
69000 345.000000 0.123282 0.394675 0.000000 4.395034 0.060247 0.341933 3.962731 
70000 350.000000 0.271240 0.592177 0.000000 4.875655 1.021463 0.848489 2.494971 
71000 355.000000 -0.058527 1.166543 0.000000 4.871605 1.013270 2.728495 0.623206 
72000 360.000000 -0.201570 0.046794 0.000000 5.028751 1.327694 0.085640 2.951570 
73000 365.000000 -1.236181 0.023803 0.000000 5.316333 1.902708 3.057422 -0.595151 
74000 370.000000 -0.101918 -0.590425 0.000000 4.461338 0.192835 0.717978 3.454108 
75000 375.000000 -0.331293 1.211648 0.000000 5.090099 1.450236 3.155690 -0.240944 
76000 380.000000 -0.048112 -0.084009 0.000000 4.894819 1.059833 0.018745 3.286325 
77000 385.000000 -0.207678 1.657370 0.000000 5.496226 2.262368 5.580010 -3.477336 
78000 390.000000 0.437738 0.005079 0.000000 4.738095 0.746367 0.383281 3.235264 
79000 395.000000 0.365207 -0.846548 0.000000 4.752054 0.774218 1.700039 1.890688 
80000 400.000000 0.175251 -0.367231 0.000000 5.545241 2.360660 0.331142 1.673108 
81000 405.000000 0.378786 0.118242 0.000000 4.636402 0.542983 0.314921 3.507007 
82000 410.000000 0.356527 0.300011 0.000000 4.399249 0.068672 0.434236 3.862005 
83000 415.000000 -0.613988 1.173554 0.000000 6.345622 3.961265 3.508422 -3.104696 
84000 420.000000 -0.016218 0.663092 0.000000 5.118801 1.507754 0.879909 1.977262 
85000 425.000000 -0.244604 0.269732 0.000000 5.823173 2.916528 0.265172 1.183209 
86000 430.000000 0.065513 0.334285 0.000000 4.811535 0.893253 0.232076 3.239579 
87000 435.000000 -0.070990 0.028003 0.000000 5.014930 1.300054 0.011648 3.053201 
88000 440.000000 -0.087537 -0.941341 0.000000 4.580011 0.430129 1.787570 2.147248 
89000 445.000000 0.354218 -0.796992 0.000000 4.977457 1.225033 1.521335 1.618573 
90000 450.000000 0.236398 0.326747 0.000000 5.087067 1.444312 0.325295 2.595303 
91000 455.000000 -0.072607 0.398050 0.000000 4.435384 0.140946 0.327431 3.896533 
92000 460.000000 -1.509446 -1.025804 0.000000 4.899421 1.068704 6.661400 -3.365036 
93000 465.000000 -0.202183 -0.311617 0.000000 4.382798 0.035778 0.275966 4.053165 
94000 470.000000 -0.659908 0.064468 0.000000 5.019973 1.310096 0.879271 2.175557 
95000 475.000000 -0.117340 -0.024882 0.000000 4.569647 0.409489 0.028776 3.926638 
96000 480.000000 -0.967558 0.534864 0.000000 4.492820 0.255713 2.444497 1.664753 
97000 485.000000 -0.158303 0.266040 0.000000 4.808937 0.888060 0.191674 3.285174 
98000 490.000000 -0.205275 0.409386 0.000000 4.479506 0.229187 0.419470 3.716256 
99000 495.000000 0.705334 0.738704 0.000000 4.536650 0.343390 2.086358 1.935206 
